<?xml version="1.0" encoding="UTF-8"?>
<!-- Generated by org.testng.reporters.JUnitReportReporter -->
<testsuite hostname="LAPTOP-PVDARG9O" failures="0" tests="1" name="assign_1.Assignmenttt_1" time="36.105" errors="0" timestamp="2024-05-24T20:45:52 IST" skipped="0">
  <testcase classname="assign_1.Assignmenttt_1" name="Assignment_1" time="36.105"/>
</testsuite> <!-- assign_1.Assignmenttt_1 -->
